
> nextn@0.1.0 build
> NODE_ENV=production next build

   ▲ Next.js 15.3.3
   - Environments: .env.local

   Creating an optimized production build ...
 ✓ (pwa) Compiling for server...
 ✓ (pwa) Compiling for server...
 ✓ (pwa) Compiling for client (static)...
 ○ (pwa) Service worker: /app/public/sw.js
 ○ (pwa)   URL: /sw.js
 ○ (pwa)   Scope: /
 ✓ Compiled successfully in 27.0s
   Skipping validation of types
   Skipping linting
   Collecting page data ...
   Generating static pages (0/5) ...
   Generating static pages (1/5)
   Generating static pages (2/5)
   Generating static pages (3/5)
 ✓ Generating static pages (5/5)
   Finalizing page optimization ...
   Collecting build traces ...

Route (app)                                 Size  First Load JS
┌ ○ /                                     204 kB         370 kB
└ ○ /_not-found                            986 B         104 kB
+ First Load JS shared by all             103 kB
  ├ chunks/4bd1b696-3a4f92e4cd9d5743.js  53.2 kB
  ├ chunks/721-48e947b904132a53.js       48.1 kB
  └ other shared chunks (total)          2.04 kB


○  (Static)  prerendered as static content
